<?xml version="1.0" encoding="UTF-8"?>
<!-- Generated by org.testng.reporters.JUnitReportReporter -->
<testsuite hostname="DESKTOP-CK6VHMT" failures="0" tests="9" name="utility.DataExtractor" time="9.398" errors="0" timestamp="2023-04-11T07:03:26 IST" skipped="0">
  <testcase classname="utility.DataExtractor" name="CreateCustomer" time="0.654"/>
  <system-out/>
  <testcase classname="utility.DataExtractor" name="CreateCustomer" time="0.657"/>
  <system-out/>
  <testcase classname="utility.DataExtractor" name="CreateCustomer" time="0.605"/>
  <system-out/>
  <testcase classname="utility.DataExtractor" name="CreateCustomer" time="0.609"/>
  <system-out/>
  <testcase classname="utility.DataExtractor" name="CreateCustomer" time="4.261"/>
  <system-out/>
  <testcase classname="utility.DataExtractor" name="CreateCustomer" time="0.699"/>
  <system-out/>
  <testcase classname="utility.DataExtractor" name="CreateCustomer" time="0.614"/>
  <system-out/>
  <testcase classname="utility.DataExtractor" name="CreateCustomer" time="0.688"/>
  <system-out/>
  <testcase classname="utility.DataExtractor" name="CreateCustomer" time="0.611"/>
  <system-out/>
</testsuite> <!-- utility.DataExtractor -->
