<?xml version="1.0" encoding="UTF-8"?>
<!-- Generated by org.testng.reporters.JUnitReportReporter -->
<testsuite hostname="DESKTOP-CK6VHMT" failures="0" tests="9" name="utility.DataExtractor" time="10.936" errors="0" timestamp="2023-04-11T07:23:16 IST" skipped="0">
  <testcase classname="utility.DataExtractor" name="CreateCustomer" time="0.648"/>
  <system-out/>
  <testcase classname="utility.DataExtractor" name="CreateCustomer" time="0.743"/>
  <system-out/>
  <testcase classname="utility.DataExtractor" name="CreateCustomer" time="0.904"/>
  <system-out/>
  <testcase classname="utility.DataExtractor" name="CreateCustomer" time="0.926"/>
  <system-out/>
  <testcase classname="utility.DataExtractor" name="CreateCustomer" time="4.706"/>
  <system-out/>
  <testcase classname="utility.DataExtractor" name="CreateCustomer" time="0.673"/>
  <system-out/>
  <testcase classname="utility.DataExtractor" name="CreateCustomer" time="0.929"/>
  <system-out/>
  <testcase classname="utility.DataExtractor" name="CreateCustomer" time="0.695"/>
  <system-out/>
  <testcase classname="utility.DataExtractor" name="CreateCustomer" time="0.712"/>
  <system-out/>
</testsuite> <!-- utility.DataExtractor -->
